  • skipping announce, publish, and validate...
  • cleaning distribution directory
  • loading environment variables
  • getting and validating git state
    • git state                                      commit=c403bb8a967a8576050f2d171ec37e807583c717 branch=feature/sqlserver-oracle-receivers current_tag=1.11.0 previous_tag=1.10.0 dirty=true
    • pipe skipped or partially skipped              reason=disabled during snapshot mode
  • parsing tag
  • setting defaults
    • pipe skipped or partially skipped              reason=release is disabled
    • DEPRECATED: archives.builds should not be used anymore, check https://goreleaser.com/deprecations#archivesbuilds for more info
    • DEPRECATED: nfpms.builds should not be used anymore, check https://goreleaser.com/deprecations#nfpmsbuilds for more info
  • snapshotting
    • building snapshot...                           version=1.11.1-SNAPSHOT-c403bb8
  • ensuring distribution directory
  • setting up metadata
  • writing release metadata
  • loading go mod information
  • build prerequisites
  • building binaries
    • building                                       binary=dist/nrdot-collector-host_linux_arm64_v8.0/nrdot-collector-host
    • building                                       binary=dist/nrdot-collector-host_linux_amd64_v1/nrdot-collector-host
    • overridden build details for linux_arm64_v8.0  details={ [-s -w -linkmode=external] [] [-trimpath -buildmode=pie] [] [] [CC=aarch64-none-linux-gnu-gcc CXX=aarch64-none-linux-gnu-g++ CGO_ENABLED=1]}
  ⨯ release failed after 2s                         
    error=
    │ build failed: exit status 1: # runtime/cgo
    │ cgo: C compiler "aarch64-none-linux-gnu-gcc" not found: exec: "aarch64-none-linux-gnu-gcc": executable file not found in $PATH
    target=linux_arm64_v8.0
